[2023-05-22 12:08:40.097][95976][info][main] [external/envoy/source/server/server.cc:403] initializing epoch 0 (base id=0, hot restart version=11.104)
[2023-05-22 12:08:40.097][95976][info][main] [external/envoy/source/server/server.cc:406] statically linked extensions:
[2023-05-22 12:08:40.097][95976][info][main] [external/envoy/source/server/server.cc:408]   envoy.thrift_proxy.protocols: auto, binary, binary/non-strict, compact, twitter
[2023-05-22 12:08:40.097][95976][info][main] [external/envoy/source/server/server.cc:408]   envoy.filters.udp_listener: envoy.filters.udp.dns_filter, envoy.filters.udp_listener.udp_proxy
[2023-05-22 12:08:40.097][95976][info][main] [external/envoy/source/server/server.cc:408]   envoy.common.key_value: envoy.key_value.file_based
[2023-05-22 12:08:40.097][95976][info][main] [external/envoy/source/server/server.cc:408]   envoy.http.cache: envoy.extensions.http.cache.file_system_http_cache, envoy.extensions.http.cache.simple
[2023-05-22 12:08:40.097][95976][info][main] [external/envoy/source/server/server.cc:408]   envoy.transport_sockets.downstream: envoy.transport_sockets.alts, envoy.transport_sockets.quic, envoy.transport_sockets.raw_buffer, envoy.transport_sockets.starttls, envoy.transport_sockets.tap, envoy.transport_sockets.tcp_stats, envoy.transport_sockets.tls, raw_buffer, starttls, tls
[2023-05-22 12:08:40.098][95976][info][main] [external/envoy/source/server/server.cc:408]   envoy.filters.listener: envoy.filters.listener.http_inspector, envoy.filters.listener.local_ratelimit, envoy.filters.listener.original_dst, envoy.filters.listener.original_src, envoy.filters.listener.proxy_protocol, envoy.filters.listener.tls_inspector, envoy.listener.http_inspector, envoy.listener.original_dst, envoy.listener.original_src, envoy.listener.proxy_protocol, envoy.listener.tls_inspector
[2023-05-22 12:08:40.098][95976][info][main] [external/envoy/source/server/server.cc:408]   envoy.udp_packet_writer: envoy.udp_packet_writer.default, envoy.udp_packet_writer.gso
[2023-05-22 12:08:40.098][95976][info][main] [external/envoy/source/server/server.cc:408]   envoy.retry_host_predicates: envoy.retry_host_predicates.omit_canary_hosts, envoy.retry_host_predicates.omit_host_metadata, envoy.retry_host_predicates.previous_hosts
[2023-05-22 12:08:40.098][95976][info][main] [external/envoy/source/server/server.cc:408]   envoy.filters.network: envoy.echo, envoy.ext_authz, envoy.filters.network.connection_limit, envoy.filters.network.direct_response, envoy.filters.network.dubbo_proxy, envoy.filters.network.echo, envoy.filters.network.ext_authz, envoy.filters.network.http_connection_manager, envoy.filters.network.local_ratelimit, envoy.filters.network.mongo_proxy, envoy.filters.network.ratelimit, envoy.filters.network.rbac, envoy.filters.network.redis_proxy, envoy.filters.network.sni_cluster, envoy.filters.network.sni_dynamic_forward_proxy, envoy.filters.network.tcp_proxy, envoy.filters.network.thrift_proxy, envoy.filters.network.wasm, envoy.filters.network.zookeeper_proxy, envoy.http_connection_manager, envoy.mongo_proxy, envoy.ratelimit, envoy.redis_proxy, envoy.tcp_proxy
[2023-05-22 12:08:40.098][95976][info][main] [external/envoy/source/server/server.cc:408]   envoy.path.match: envoy.path.match.uri_template.uri_template_matcher
[2023-05-22 12:08:40.098][95976][info][main] [external/envoy/source/server/server.cc:408]   envoy.request_id: envoy.request_id.uuid
[2023-05-22 12:08:40.098][95976][info][main] [external/envoy/source/server/server.cc:408]   envoy.transport_sockets.upstream: envoy.transport_sockets.alts, envoy.transport_sockets.http_11_proxy, envoy.transport_sockets.internal_upstream, envoy.transport_sockets.quic, envoy.transport_sockets.raw_buffer, envoy.transport_sockets.starttls, envoy.transport_sockets.tap, envoy.transport_sockets.tcp_stats, envoy.transport_sockets.tls, envoy.transport_sockets.upstream_proxy_protocol, raw_buffer, starttls, tls
[2023-05-22 12:08:40.098][95976][info][main] [external/envoy/source/server/server.cc:408]   envoy.bootstrap: envoy.bootstrap.internal_listener, envoy.bootstrap.wasm, envoy.extensions.network.socket_interface.default_socket_interface
[2023-05-22 12:08:40.098][95976][info][main] [external/envoy/source/server/server.cc:408]   envoy.formatter: envoy.formatter.metadata, envoy.formatter.req_without_query
[2023-05-22 12:08:40.098][95976][info][main] [external/envoy/source/server/server.cc:408]   envoy.health_checkers: envoy.health_checkers.grpc, envoy.health_checkers.http, envoy.health_checkers.redis, envoy.health_checkers.tcp, envoy.health_checkers.thrift
[2023-05-22 12:08:40.098][95976][info][main] [external/envoy/source/server/server.cc:408]   envoy.connection_handler: envoy.connection_handler.default
[2023-05-22 12:08:40.098][95976][info][main] [external/envoy/source/server/server.cc:408]   envoy.access_loggers.extension_filters: envoy.access_loggers.extension_filters.cel
[2023-05-22 12:08:40.098][95976][info][main] [external/envoy/source/server/server.cc:408]   envoy.http.original_ip_detection: envoy.http.original_ip_detection.custom_header, envoy.http.original_ip_detection.xff
[2023-05-22 12:08:40.098][95976][info][main] [external/envoy/source/server/server.cc:408]   envoy.route.early_data_policy: envoy.route.early_data_policy.default
[2023-05-22 12:08:40.098][95976][info][main] [external/envoy/source/server/server.cc:408]   envoy.http.early_header_mutation: envoy.http.early_header_mutation.header_mutation
[2023-05-22 12:08:40.098][95976][info][main] [external/envoy/source/server/server.cc:408]   envoy.matching.http.input: envoy.matching.inputs.destination_ip, envoy.matching.inputs.destination_port, envoy.matching.inputs.direct_source_ip, envoy.matching.inputs.dns_san, envoy.matching.inputs.request_headers, envoy.matching.inputs.request_trailers, envoy.matching.inputs.response_headers, envoy.matching.inputs.response_trailers, envoy.matching.inputs.server_name, envoy.matching.inputs.source_ip, envoy.matching.inputs.source_port, envoy.matching.inputs.source_type, envoy.matching.inputs.status_code_class_input, envoy.matching.inputs.status_code_input, envoy.matching.inputs.subject, envoy.matching.inputs.uri_san, query_params
[2023-05-22 12:08:40.098][95976][info][main] [external/envoy/source/server/server.cc:408]   envoy.grpc_credentials: envoy.grpc_credentials.aws_iam, envoy.grpc_credentials.default, envoy.grpc_credentials.file_based_metadata
[2023-05-22 12:08:40.098][95976][info][main] [external/envoy/source/server/server.cc:408]   envoy.dubbo_proxy.protocols: dubbo
[2023-05-22 12:08:40.098][95976][info][main] [external/envoy/source/server/server.cc:408]   envoy.wasm.runtime: envoy.wasm.runtime.null, envoy.wasm.runtime.v8
[2023-05-22 12:08:40.098][95976][info][main] [external/envoy/source/server/server.cc:408]   envoy.quic.server_preferred_address: quic.server_preferred_address.fixed
[2023-05-22 12:08:40.098][95976][info][main] [external/envoy/source/server/server.cc:408]   quic.http_server_connection: quic.http_server_connection.default
[2023-05-22 12:08:40.098][95976][info][main] [external/envoy/source/server/server.cc:408]   envoy.matching.action: envoy.matching.actions.format_string, filter-chain-name
[2023-05-22 12:08:40.098][95976][info][main] [external/envoy/source/server/server.cc:408]   envoy.config_subscription: envoy.config_subscription.filesystem, envoy.config_subscription.filesystem_collection, envoy.config_subscription.rest
[2023-05-22 12:08:40.098][95976][info][main] [external/envoy/source/server/server.cc:408]   envoy.network.dns_resolver: envoy.network.dns_resolver.cares, envoy.network.dns_resolver.getaddrinfo
[2023-05-22 12:08:40.098][95976][info][main] [external/envoy/source/server/server.cc:408]   envoy.thrift_proxy.transports: auto, framed, header, unframed
[2023-05-22 12:08:40.098][95976][info][main] [external/envoy/source/server/server.cc:408]   envoy.quic.proof_source: envoy.quic.proof_source.filter_chain
[2023-05-22 12:08:40.098][95976][info][main] [external/envoy/source/server/server.cc:408]   envoy.rate_limit_descriptors: envoy.rate_limit_descriptors.expr
[2023-05-22 12:08:40.098][95976][info][main] [external/envoy/source/server/server.cc:408]   envoy.matching.http.custom_matchers: envoy.matching.custom_matchers.trie_matcher
[2023-05-22 12:08:40.098][95976][info][main] [external/envoy/source/server/server.cc:408]   envoy.path.rewrite: envoy.path.rewrite.uri_template.uri_template_rewriter
[2023-05-22 12:08:40.098][95976][info][main] [external/envoy/source/server/server.cc:408]   envoy.rbac.matchers: envoy.rbac.matchers.upstream_ip_port
[2023-05-22 12:08:40.098][95976][info][main] [external/envoy/source/server/server.cc:408]   envoy.load_balancing_policies: envoy.load_balancing_policies.least_request, envoy.load_balancing_policies.maglev, envoy.load_balancing_policies.random, envoy.load_balancing_policies.ring_hash, envoy.load_balancing_policies.round_robin
[2023-05-22 12:08:40.098][95976][info][main] [external/envoy/source/server/server.cc:408]   envoy.compression.compressor: envoy.compression.brotli.compressor, envoy.compression.gzip.compressor, envoy.compression.zstd.compressor
[2023-05-22 12:08:40.098][95976][info][main] [external/envoy/source/server/server.cc:408]   envoy.quic.connection_id_generator: envoy.quic.deterministic_connection_id_generator
[2023-05-22 12:08:40.098][95976][info][main] [external/envoy/source/server/server.cc:408]   envoy.resource_monitors: envoy.resource_monitors.fixed_heap, envoy.resource_monitors.injected_resource
[2023-05-22 12:08:40.098][95976][info][main] [external/envoy/source/server/server.cc:408]   envoy.quic.server.crypto_stream: envoy.quic.crypto_stream.server.quiche
[2023-05-22 12:08:40.098][95976][info][main] [external/envoy/source/server/server.cc:408]   envoy.http.stateful_session: envoy.http.stateful_session.cookie, envoy.http.stateful_session.header
[2023-05-22 12:08:40.098][95976][info][main] [external/envoy/source/server/server.cc:408]   envoy.dubbo_proxy.serializers: dubbo.hessian2
[2023-05-22 12:08:40.098][95976][info][main] [external/envoy/source/server/server.cc:408]   envoy.matching.network.custom_matchers: envoy.matching.custom_matchers.trie_matcher
[2023-05-22 12:08:40.098][95976][info][main] [external/envoy/source/server/server.cc:408]   envoy.upstreams: envoy.filters.connection_pools.tcp.generic
[2023-05-22 12:08:40.098][95976][info][main] [external/envoy/source/server/server.cc:408]   envoy.access_loggers: envoy.access_loggers.file, envoy.access_loggers.http_grpc, envoy.access_loggers.open_telemetry, envoy.access_loggers.stderr, envoy.access_loggers.stdout, envoy.access_loggers.tcp_grpc, envoy.access_loggers.wasm, envoy.file_access_log, envoy.http_grpc_access_log, envoy.open_telemetry_access_log, envoy.stderr_access_log, envoy.stdout_access_log, envoy.tcp_grpc_access_log, envoy.wasm_access_log
[2023-05-22 12:08:40.098][95976][info][main] [external/envoy/source/server/server.cc:408]   envoy.stats_sinks: envoy.dog_statsd, envoy.graphite_statsd, envoy.metrics_service, envoy.stat_sinks.dog_statsd, envoy.stat_sinks.graphite_statsd, envoy.stat_sinks.hystrix, envoy.stat_sinks.metrics_service, envoy.stat_sinks.statsd, envoy.stat_sinks.wasm, envoy.statsd
[2023-05-22 12:08:40.098][95976][info][main] [external/envoy/source/server/server.cc:408]   envoy.listener_manager_impl: envoy.listener_manager_impl.default, envoy.listener_manager_impl.validation
[2023-05-22 12:08:40.098][95976][info][main] [external/envoy/source/server/server.cc:408]   envoy.dubbo_proxy.filters: envoy.filters.dubbo.router
[2023-05-22 12:08:40.098][95976][info][main] [external/envoy/source/server/server.cc:408]   envoy.regex_engines: envoy.regex_engines.google_re2
[2023-05-22 12:08:40.099][95976][info][main] [external/envoy/source/server/server.cc:408]   envoy.clusters: envoy.cluster.eds, envoy.cluster.logical_dns, envoy.cluster.original_dst, envoy.cluster.static, envoy.cluster.strict_dns, envoy.clusters.aggregate, envoy.clusters.dynamic_forward_proxy, envoy.clusters.redis
[2023-05-22 12:08:40.099][95976][info][main] [external/envoy/source/server/server.cc:408]   envoy.http.custom_response: envoy.extensions.http.custom_response.local_response_policy, envoy.extensions.http.custom_response.redirect_policy
[2023-05-22 12:08:40.099][95976][info][main] [external/envoy/source/server/server.cc:408]   envoy.matching.input_matchers: envoy.matching.matchers.consistent_hashing, envoy.matching.matchers.ip
[2023-05-22 12:08:40.099][95976][info][main] [external/envoy/source/server/server.cc:408]   envoy.internal_redirect_predicates: envoy.internal_redirect_predicates.allow_listed_routes, envoy.internal_redirect_predicates.previous_routes, envoy.internal_redirect_predicates.safe_cross_scheme
[2023-05-22 12:08:40.099][95976][info][main] [external/envoy/source/server/server.cc:408]   envoy.tls.cert_validator: envoy.tls.cert_validator.default, envoy.tls.cert_validator.spiffe
[2023-05-22 12:08:40.099][95976][info][main] [external/envoy/source/server/server.cc:408]   envoy.filters.http.upstream: envoy.buffer, envoy.filters.http.admission_control, envoy.filters.http.buffer, envoy.filters.http.header_mutation, envoy.filters.http.upstream_codec
[2023-05-22 12:08:40.099][95976][info][main] [external/envoy/source/server/server.cc:408]   envoy.config.validators: envoy.config.validators.minimum_clusters, envoy.config.validators.minimum_clusters_validator
[2023-05-22 12:08:40.099][95976][info][main] [external/envoy/source/server/server.cc:408]   envoy.matching.network.input: envoy.matching.inputs.application_protocol, envoy.matching.inputs.destination_ip, envoy.matching.inputs.destination_port, envoy.matching.inputs.direct_source_ip, envoy.matching.inputs.dns_san, envoy.matching.inputs.filter_state, envoy.matching.inputs.server_name, envoy.matching.inputs.source_ip, envoy.matching.inputs.source_port, envoy.matching.inputs.source_type, envoy.matching.inputs.subject, envoy.matching.inputs.transport_protocol, envoy.matching.inputs.uri_san
[2023-05-22 12:08:40.099][95976][info][main] [external/envoy/source/server/server.cc:408]   envoy.filters.http: envoy.bandwidth_limit, envoy.buffer, envoy.cors, envoy.csrf, envoy.ext_authz, envoy.ext_proc, envoy.fault, envoy.filters.http.adaptive_concurrency, envoy.filters.http.admission_control, envoy.filters.http.alternate_protocols_cache, envoy.filters.http.aws_lambda, envoy.filters.http.aws_request_signing, envoy.filters.http.bandwidth_limit, envoy.filters.http.buffer, envoy.filters.http.cache, envoy.filters.http.cdn_loop, envoy.filters.http.composite, envoy.filters.http.compressor, envoy.filters.http.connect_grpc_bridge, envoy.filters.http.cors, envoy.filters.http.csrf, envoy.filters.http.custom_response, envoy.filters.http.decompressor, envoy.filters.http.dynamic_forward_proxy, envoy.filters.http.ext_authz, envoy.filters.http.ext_proc, envoy.filters.http.fault, envoy.filters.http.file_system_buffer, envoy.filters.http.gcp_authn, envoy.filters.http.grpc_http1_bridge, envoy.filters.http.grpc_http1_reverse_bridge, envoy.filters.http.grpc_json_transcoder, envoy.filters.http.grpc_stats, envoy.filters.http.grpc_web, envoy.filters.http.header_mutation, envoy.filters.http.header_to_metadata, envoy.filters.http.health_check, envoy.filters.http.ip_tagging, envoy.filters.http.jwt_authn, envoy.filters.http.local_ratelimit, envoy.filters.http.lua, envoy.filters.http.match_delegate, envoy.filters.http.oauth2, envoy.filters.http.on_demand, envoy.filters.http.original_src, envoy.filters.http.rate_limit_quota, envoy.filters.http.ratelimit, envoy.filters.http.rbac, envoy.filters.http.router, envoy.filters.http.set_metadata, envoy.filters.http.stateful_session, envoy.filters.http.tap, envoy.filters.http.wasm, envoy.grpc_http1_bridge, envoy.grpc_json_transcoder, envoy.grpc_web, envoy.health_check, envoy.ip_tagging, envoy.local_rate_limit, envoy.lua, envoy.rate_limit, envoy.router
[2023-05-22 12:08:40.099][95976][info][main] [external/envoy/source/server/server.cc:408]   envoy.compression.decompressor: envoy.compression.brotli.decompressor, envoy.compression.gzip.decompressor, envoy.compression.zstd.decompressor
[2023-05-22 12:08:40.099][95976][info][main] [external/envoy/source/server/server.cc:408]   envoy.tls.key_providers: pkm_provider, pkm_provider_tss
[2023-05-22 12:08:40.099][95976][info][main] [external/envoy/source/server/server.cc:408]   network.connection.client: default, envoy_internal
[2023-05-22 12:08:40.099][95976][info][main] [external/envoy/source/server/server.cc:408]   envoy.guarddog_actions: envoy.watchdog.abort_action, envoy.watchdog.profile_action
[2023-05-22 12:08:40.099][95976][info][main] [external/envoy/source/server/server.cc:408]   envoy.upstream_options: envoy.extensions.upstreams.http.v3.HttpProtocolOptions, envoy.extensions.upstreams.tcp.v3.TcpProtocolOptions, envoy.upstreams.http.http_protocol_options, envoy.upstreams.tcp.tcp_protocol_options
[2023-05-22 12:08:40.099][95976][info][main] [external/envoy/source/server/server.cc:408]   envoy.http.header_validators: envoy.http.header_validators.envoy_default
[2023-05-22 12:08:40.099][95976][info][main] [external/envoy/source/server/server.cc:408]   envoy.http.stateful_header_formatters: envoy.http.stateful_header_formatters.preserve_case, preserve_case
[2023-05-22 12:08:40.099][95976][info][main] [external/envoy/source/server/server.cc:408]   envoy.retry_priorities: envoy.retry_priorities.previous_priorities
[2023-05-22 12:08:40.099][95976][info][main] [external/envoy/source/server/server.cc:408]   envoy.tracers: envoy.dynamic.ot, envoy.tracers.datadog, envoy.tracers.dynamic_ot, envoy.tracers.opencensus, envoy.tracers.opentelemetry, envoy.tracers.skywalking, envoy.tracers.xray, envoy.tracers.zipkin, envoy.zipkin
[2023-05-22 12:08:40.099][95976][info][main] [external/envoy/source/server/server.cc:408]   envoy.thrift_proxy.filters: envoy.filters.thrift.header_to_metadata, envoy.filters.thrift.payload_to_metadata, envoy.filters.thrift.rate_limit, envoy.filters.thrift.router
[2023-05-22 12:08:40.099][95976][info][main] [external/envoy/source/server/server.cc:408]   envoy.matching.common_inputs: envoy.matching.common_inputs.environment_variable
[2023-05-22 12:08:40.099][95976][info][main] [external/envoy/source/server/server.cc:408]   envoy.resolvers: envoy.ip
[2023-05-22 12:08:40.120][95976][warning][misc] [external/envoy/source/common/protobuf/message_validator_impl.cc:21] Deprecated field: type envoy.config.core.v3.ConfigSource Using deprecated option 'envoy.config.core.v3.ConfigSource.path' from file config_source.proto. This configuration will be removed from Envoy soon. Please see https://www.envoyproxy.io/docs/envoy/latest/version_history/version_history for details. If continued use of this field is absolutely necessary, see https://www.envoyproxy.io/docs/envoy/latest/configuration/operations/runtime#using-runtime-overrides-for-deprecated-features for how to apply a temporary and highly discouraged override.
[2023-05-22 12:08:40.120][95976][warning][misc] [external/envoy/source/common/protobuf/message_validator_impl.cc:21] Deprecated field: type envoy.config.core.v3.ConfigSource Using deprecated option 'envoy.config.core.v3.ConfigSource.path' from file config_source.proto. This configuration will be removed from Envoy soon. Please see https://www.envoyproxy.io/docs/envoy/latest/version_history/version_history for details. If continued use of this field is absolutely necessary, see https://www.envoyproxy.io/docs/envoy/latest/configuration/operations/runtime#using-runtime-overrides-for-deprecated-features for how to apply a temporary and highly discouraged override.
[2023-05-22 12:08:40.121][95976][info][main] [external/envoy/source/server/server.cc:456] HTTP header map info:
[2023-05-22 12:08:40.124][95976][info][main] [external/envoy/source/server/server.cc:458]   request header map: 672 bytes: :authority,:method,:path,:protocol,:scheme,accept,accept-encoding,access-control-request-headers,access-control-request-method,access-control-request-private-network,authentication,authorization,cache-control,cdn-loop,connection,content-encoding,content-length,content-type,expect,grpc-accept-encoding,grpc-timeout,if-match,if-modified-since,if-none-match,if-range,if-unmodified-since,keep-alive,origin,pragma,proxy-connection,proxy-status,referer,te,transfer-encoding,upgrade,user-agent,via,x-client-trace-id,x-envoy-attempt-count,x-envoy-decorator-operation,x-envoy-downstream-service-cluster,x-envoy-downstream-service-node,x-envoy-expected-rq-timeout-ms,x-envoy-external-address,x-envoy-force-trace,x-envoy-hedge-on-per-try-timeout,x-envoy-internal,x-envoy-ip-tags,x-envoy-is-timeout-retry,x-envoy-max-retries,x-envoy-original-path,x-envoy-original-url,x-envoy-retriable-header-names,x-envoy-retriable-status-codes,x-envoy-retry-grpc-on,x-envoy-retry-on,x-envoy-upstream-alt-stat-name,x-envoy-upstream-rq-per-try-timeout-ms,x-envoy-upstream-rq-timeout-alt-response,x-envoy-upstream-rq-timeout-ms,x-envoy-upstream-stream-duration-ms,x-forwarded-client-cert,x-forwarded-for,x-forwarded-host,x-forwarded-port,x-forwarded-proto,x-ot-span-context,x-request-id
[2023-05-22 12:08:40.124][95976][info][main] [external/envoy/source/server/server.cc:458]   request trailer map: 120 bytes: 
[2023-05-22 12:08:40.124][95976][info][main] [external/envoy/source/server/server.cc:458]   response header map: 432 bytes: :status,access-control-allow-credentials,access-control-allow-headers,access-control-allow-methods,access-control-allow-origin,access-control-allow-private-network,access-control-expose-headers,access-control-max-age,age,cache-control,connection,content-encoding,content-length,content-type,date,etag,expires,grpc-message,grpc-status,keep-alive,last-modified,location,proxy-connection,proxy-status,server,transfer-encoding,upgrade,vary,via,x-envoy-attempt-count,x-envoy-decorator-operation,x-envoy-degraded,x-envoy-immediate-health-check-fail,x-envoy-ratelimited,x-envoy-upstream-canary,x-envoy-upstream-healthchecked-cluster,x-envoy-upstream-service-time,x-request-id
[2023-05-22 12:08:40.124][95976][info][main] [external/envoy/source/server/server.cc:458]   response trailer map: 144 bytes: grpc-message,grpc-status
[2023-05-22 12:08:40.220][95976][debug][main] [external/envoy/source/server/overload_manager_impl.cc:533] No overload action is configured for envoy.overload_actions.shrink_heap.
[2023-05-22 12:08:40.222][95976][debug][main] [external/envoy/source/server/overload_manager_impl.cc:533] No overload action is configured for envoy.overload_actions.reduce_timeouts.
[2023-05-22 12:08:40.222][95976][debug][main] [external/envoy/source/server/overload_manager_impl.cc:533] No overload action is configured for envoy.overload_actions.stop_accepting_connections.
[2023-05-22 12:08:40.222][95976][debug][main] [external/envoy/source/server/overload_manager_impl.cc:533] No overload action is configured for envoy.overload_actions.reject_incoming_connections.
[2023-05-22 12:08:40.222][95976][debug][main] [external/envoy/source/server/overload_manager_impl.cc:533] No overload action is configured for envoy.overload_actions.reset_high_memory_stream.
[2023-05-22 12:08:40.222][95976][debug][main] [external/envoy/source/server/overload_manager_impl.cc:533] No overload action is configured for envoy.overload_actions.reduce_timeouts.
[2023-05-22 12:08:40.223][95976][debug][main] [external/envoy/source/server/overload_manager_impl.cc:533] No overload action is configured for envoy.overload_actions.stop_accepting_connections.
[2023-05-22 12:08:40.223][95976][debug][main] [external/envoy/source/server/overload_manager_impl.cc:533] No overload action is configured for envoy.overload_actions.reject_incoming_connections.
[2023-05-22 12:08:40.223][95976][debug][main] [external/envoy/source/server/overload_manager_impl.cc:533] No overload action is configured for envoy.overload_actions.reset_high_memory_stream.
[2023-05-22 12:08:40.223][95976][debug][main] [external/envoy/source/server/overload_manager_impl.cc:533] No overload action is configured for envoy.overload_actions.reduce_timeouts.
[2023-05-22 12:08:40.223][95976][debug][main] [external/envoy/source/server/overload_manager_impl.cc:533] No overload action is configured for envoy.overload_actions.stop_accepting_connections.
[2023-05-22 12:08:40.223][95976][debug][main] [external/envoy/source/server/overload_manager_impl.cc:533] No overload action is configured for envoy.overload_actions.reject_incoming_connections.
[2023-05-22 12:08:40.223][95976][debug][main] [external/envoy/source/server/overload_manager_impl.cc:533] No overload action is configured for envoy.overload_actions.reset_high_memory_stream.
[2023-05-22 12:08:40.223][95976][debug][main] [external/envoy/source/server/overload_manager_impl.cc:533] No overload action is configured for envoy.overload_actions.reduce_timeouts.
[2023-05-22 12:08:40.223][95976][debug][main] [external/envoy/source/server/overload_manager_impl.cc:533] No overload action is configured for envoy.overload_actions.stop_accepting_connections.
[2023-05-22 12:08:40.223][95976][debug][main] [external/envoy/source/server/overload_manager_impl.cc:533] No overload action is configured for envoy.overload_actions.reject_incoming_connections.
[2023-05-22 12:08:40.223][95976][debug][main] [external/envoy/source/server/overload_manager_impl.cc:533] No overload action is configured for envoy.overload_actions.reset_high_memory_stream.
[2023-05-22 12:08:40.223][95976][info][main] [external/envoy/source/server/server.cc:827] runtime: {}
[2023-05-22 12:08:40.268][95976][info][admin] [external/envoy/source/server/admin/admin.cc:65] admin address: 127.0.0.1:2223
[2023-05-22 12:08:40.271][95976][info][config] [external/envoy/source/server/configuration_impl.cc:131] loading tracing configuration
[2023-05-22 12:08:40.271][95976][info][config] [external/envoy/source/server/configuration_impl.cc:91] loading 0 static secret(s)
[2023-05-22 12:08:40.271][95976][info][config] [external/envoy/source/server/configuration_impl.cc:97] loading 0 cluster(s)
[2023-05-22 12:08:40.274][95980][debug][grpc] [external/envoy/source/common/grpc/google_async_client_impl.cc:51] completionThread running
[2023-05-22 12:08:40.275][95976][debug][file] [external/envoy/source/common/filesystem/inotify/watcher_impl.cc:47] added watch for directory: 'xDS' file: 'clusters.json' fd: 1
[2023-05-22 12:08:40.275][95976][debug][upstream] [external/envoy/source/common/upstream/cluster_manager_impl.cc:172] maybe finish initialize state: 1
[2023-05-22 12:08:40.275][95976][debug][upstream] [external/envoy/source/common/upstream/cluster_manager_impl.cc:180] maybe finish initialize primary init clusters empty: true
[2023-05-22 12:08:40.275][95976][info][config] [external/envoy/source/server/configuration_impl.cc:101] loading 0 listener(s)
[2023-05-22 12:08:40.275][95976][info][config] [external/envoy/source/server/configuration_impl.cc:113] loading stats configuration
[2023-05-22 12:08:40.277][95976][debug][file] [external/envoy/source/common/filesystem/inotify/watcher_impl.cc:47] added watch for directory: 'xDS' file: 'listeners.json' fd: 1
[2023-05-22 12:08:40.277][95976][debug][init] [external/envoy/source/common/init/manager_impl.cc:24] added target LDS to init manager Server
[2023-05-22 12:08:40.277][95976][debug][init] [external/envoy/source/common/init/manager_impl.cc:49] init manager RTDS contains no targets
[2023-05-22 12:08:40.277][95976][debug][init] [external/envoy/source/common/init/watcher_impl.cc:14] init manager RTDS initialized, notifying RTDS
[2023-05-22 12:08:40.277][95976][info][runtime] [external/envoy/source/common/runtime/runtime_impl.cc:463] RTDS has finished initialization
[2023-05-22 12:08:40.277][95976][debug][upstream] [external/envoy/source/common/upstream/cluster_manager_impl.cc:243] continue initializing secondary clusters
[2023-05-22 12:08:40.277][95976][debug][upstream] [external/envoy/source/common/upstream/cluster_manager_impl.cc:172] maybe finish initialize state: 2
[2023-05-22 12:08:40.277][95976][debug][upstream] [external/envoy/source/common/upstream/cluster_manager_impl.cc:180] maybe finish initialize primary init clusters empty: true
[2023-05-22 12:08:40.277][95976][debug][upstream] [external/envoy/source/common/upstream/cluster_manager_impl.cc:195] maybe finish initialize secondary init clusters empty: true
[2023-05-22 12:08:40.277][95976][debug][upstream] [external/envoy/source/common/upstream/cluster_manager_impl.cc:219] maybe finish initialize cds api ready: true
[2023-05-22 12:08:40.277][95976][info][upstream] [external/envoy/source/common/upstream/cluster_manager_impl.cc:221] cm init: initializing cds
[2023-05-22 12:08:40.277][95976][debug][config] [external/envoy/source/extensions/config_subscription/filesystem/filesystem_subscription_impl.cc:78] Filesystem config refresh for xDS/clusters.json
[2023-05-22 12:08:40.284][95976][warning][misc] [external/envoy/source/common/protobuf/message_validator_impl.cc:21] Deprecated field: type envoy.config.core.v3.ConfigSource Using deprecated option 'envoy.config.core.v3.ConfigSource.path' from file config_source.proto. This configuration will be removed from Envoy soon. Please see https://www.envoyproxy.io/docs/envoy/latest/version_history/version_history for details. If continued use of this field is absolutely necessary, see https://www.envoyproxy.io/docs/envoy/latest/configuration/operations/runtime#using-runtime-overrides-for-deprecated-features for how to apply a temporary and highly discouraged override.
[2023-05-22 12:08:40.285][95976][info][upstream] [external/envoy/source/common/upstream/cds_api_helper.cc:31] cds: add 1 cluster(s), remove 0 cluster(s)
[2023-05-22 12:08:40.303][95976][debug][config] [external/envoy/source/common/http/filter_chain_helper.h:88]     upstream http filter #0
[2023-05-22 12:08:40.303][95976][debug][config] [external/envoy/source/common/http/filter_chain_helper.h:118]       name: envoy.filters.http.upstream_codec
[2023-05-22 12:08:40.303][95976][debug][config] [external/envoy/source/common/http/filter_chain_helper.h:119]     config: {"@type":"type.googleapis.com/envoy.extensions.filters.http.upstream_codec.v3.UpstreamCodec"}
[2023-05-22 12:08:40.304][95976][debug][file] [external/envoy/source/common/filesystem/inotify/watcher_impl.cc:47] added watch for directory: 'xDS/endpoints' file: 'apache-server.json' fd: 1
[2023-05-22 12:08:40.304][95976][debug][upstream] [external/envoy/source/common/upstream/cluster_manager_impl.cc:776] add/update cluster apache-server during init
[2023-05-22 12:08:40.305][95976][debug][config] [external/envoy/source/extensions/config_subscription/filesystem/filesystem_subscription_impl.cc:78] Filesystem config refresh for xDS/endpoints/apache-server.json
[2023-05-22 12:08:40.306][95976][debug][upstream] [external/envoy/source/common/upstream/upstream_impl.cc:456] transport socket match, socket default selected for host with address 127.0.0.1:32774
[2023-05-22 12:08:40.306][95976][debug][upstream] [external/envoy/source/extensions/clusters/eds/eds.cc:356] EDS hosts or locality weights changed for cluster: apache-server current hosts 0 priority 0
[2023-05-22 12:08:40.306][95976][debug][upstream] [external/envoy/source/common/upstream/upstream_impl.cc:1516] initializing Primary cluster apache-server completed
[2023-05-22 12:08:40.306][95976][debug][init] [external/envoy/source/common/init/manager_impl.cc:49] init manager Cluster apache-server contains no targets
[2023-05-22 12:08:40.306][95976][debug][init] [external/envoy/source/common/init/watcher_impl.cc:14] init manager Cluster apache-server initialized, notifying ClusterImplBase
[2023-05-22 12:08:40.306][95976][debug][upstream] [external/envoy/source/common/upstream/cluster_manager_impl.cc:1126] adding TLS cluster apache-server
[2023-05-22 12:08:40.306][95976][debug][upstream] [external/envoy/source/common/upstream/cluster_manager_impl.cc:1210] membership update for TLS cluster apache-server added 1 removed 0
[2023-05-22 12:08:40.306][95976][debug][upstream] [external/envoy/source/common/upstream/cluster_manager_impl.cc:150] cm init: init complete: cluster=apache-server primary=0 secondary=0
[2023-05-22 12:08:40.306][95976][debug][upstream] [external/envoy/source/common/upstream/cluster_manager_impl.cc:172] maybe finish initialize state: 3
[2023-05-22 12:08:40.307][95976][debug][config] [external/envoy/source/extensions/config_subscription/filesystem/filesystem_subscription_impl.cc:87] Filesystem config update accepted for xDS/endpoints/apache-server.json: version_info: "13105b7c332db3ceb8a975e661a36f67ffd0e0f0/1.26.1/Clean/DEBUG/BoringSSL"
resources {
  [type.googleapis.com/envoy.config.endpoint.v3.ClusterLoadAssignment] {
    cluster_name: "apache-server"
    endpoints {
      lb_endpoints {
        endpoint {
          address {
            socket_address {
              address: "127.0.0.1"
              port_value: 32774
            }
          }
        }
      }
    }
  }
}

[2023-05-22 12:08:40.307][95976][debug][upstream] [external/envoy/source/common/upstream/cluster_manager_impl.cc:117] cm init: adding: cluster=apache-server primary=0 secondary=0
[2023-05-22 12:08:40.307][95976][debug][upstream] [external/envoy/source/common/upstream/cds_api_helper.cc:49] cds: add/update cluster 'apache-server'
[2023-05-22 12:08:40.307][95976][info][upstream] [external/envoy/source/common/upstream/cds_api_helper.cc:68] cds: added/updated 1 cluster(s), skipped 0 unmodified cluster(s)
[2023-05-22 12:08:40.307][95976][debug][upstream] [external/envoy/source/common/upstream/cluster_manager_impl.cc:172] maybe finish initialize state: 4
[2023-05-22 12:08:40.307][95976][debug][upstream] [external/envoy/source/common/upstream/cluster_manager_impl.cc:180] maybe finish initialize primary init clusters empty: true
[2023-05-22 12:08:40.307][95976][debug][upstream] [external/envoy/source/common/upstream/cluster_manager_impl.cc:195] maybe finish initialize secondary init clusters empty: true
[2023-05-22 12:08:40.307][95976][debug][upstream] [external/envoy/source/common/upstream/cluster_manager_impl.cc:219] maybe finish initialize cds api ready: true
[2023-05-22 12:08:40.307][95976][info][upstream] [external/envoy/source/common/upstream/cluster_manager_impl.cc:225] cm init: all clusters initialized
[2023-05-22 12:08:40.308][95976][debug][config] [external/envoy/source/extensions/config_subscription/filesystem/filesystem_subscription_impl.cc:87] Filesystem config update accepted for xDS/clusters.json: version_info: "13105b7c332db3ceb8a975e661a36f67ffd0e0f0/1.26.1/Clean/DEBUG/BoringSSL"
resources {
  [type.googleapis.com/envoy.config.cluster.v3.Cluster] {
    name: "apache-server"
    type: EDS
    eds_cluster_config {
      eds_config {
        path: "xDS/endpoints/apache-server.json"
        resource_api_version: V3
      }
    }
    connect_timeout {
      seconds: 1
    }
  }
}

[2023-05-22 12:08:40.308][95976][warning][main] [external/envoy/source/server/server.cc:799] there is no configured limit to the number of allowed active connections. Set a limit via the runtime key overload.global_downstream_max_connections
[2023-05-22 12:08:40.309][95976][info][main] [external/envoy/source/server/server.cc:904] all clusters initialized. initializing init manager
[2023-05-22 12:08:40.309][95976][debug][init] [external/envoy/source/common/init/manager_impl.cc:53] init manager Server initializing
[2023-05-22 12:08:40.309][95976][debug][init] [external/envoy/source/common/init/target_impl.cc:15] init manager Server initializing target LDS
[2023-05-22 12:08:40.309][95976][debug][config] [external/envoy/source/extensions/config_subscription/filesystem/filesystem_subscription_impl.cc:78] Filesystem config refresh for xDS/listeners.json
[2023-05-22 12:08:40.323][95976][debug][config] [external/envoy/source/extensions/listener_managers/listener_manager/listener_manager_impl.cc:474] begin add/update listener: name=default-443-v4 hash=12489752377611701431
[2023-05-22 12:08:40.323][95976][debug][config] [external/envoy/source/extensions/listener_managers/listener_manager/listener_manager_impl.cc:511] use full listener update path for listener name=default-443-v4 hash=12489752377611701431
[2023-05-22 12:08:40.324][95976][debug][config] [external/envoy/source/extensions/listener_managers/listener_manager/listener_manager_impl.cc:88]   filter #0:
[2023-05-22 12:08:40.324][95976][debug][config] [external/envoy/source/extensions/listener_managers/listener_manager/listener_manager_impl.cc:89]     name: envoy.filters.network.http_connection_manager
[2023-05-22 12:08:40.326][95976][debug][config] [external/envoy/source/extensions/listener_managers/listener_manager/listener_manager_impl.cc:90]   config: {"@type":"type.googleapis.com/envoy.extensions.filters.network.http_connection_manager.v3.HttpConnectionManager","access_log":[{"name":"envoy.access_loggers.file","typed_config":{"@type":"type.googleapis.com/envoy.extensions.access_loggers.file.v3.FileAccessLog","log_format":{"json_format":{"authority":"%REQ(:AUTHORITY)%","bytes_received":"%BYTES_RECEIVED%","bytes_sent":"%BYTES_SENT%","duration":"%DURATION%","method":"%REQ(:METHOD)%","path":"%REQ(X-ENVOY-ORIGINAL-PATH?:PATH)%","protocol":"%PROTOCOL%","request_id":"%REQ(X-REQUEST-ID)%","response_code":"%RESPONSE_CODE%","response_flags":"%RESPONSE_FLAGS%","start_time":"%START_TIME%","upstream_host":"%UPSTREAM_HOST%","upstream_service_time":"%RESP(X-ENVOY-UPSTREAM-SERVICE-TIME)%","user_agent":"%REQ(USER-AGENT)%","x_forwarded_for":"%REQ(X-FORWARDED-FOR)%"}},"path":"/home/ywen/envoy/default.access_log.jsonl"}}],"http_filters":[{"name":"envoy.filters.http.router","typed_config":{"@type":"type.googleapis.com/envoy.extensions.filters.http.router.v3.Router"}}],"rds":{"config_source":{"path":"xDS/routes.json","resource_api_version":"V3"},"route_config_name":"main_route_table"},"stat_prefix":"ingress_http","use_remote_address":true}
[2023-05-22 12:08:40.326][95976][warning][misc] [external/envoy/source/common/protobuf/message_validator_impl.cc:21] Deprecated field: type envoy.config.core.v3.ConfigSource Using deprecated option 'envoy.config.core.v3.ConfigSource.path' from file config_source.proto. This configuration will be removed from Envoy soon. Please see https://www.envoyproxy.io/docs/envoy/latest/version_history/version_history for details. If continued use of this field is absolutely necessary, see https://www.envoyproxy.io/docs/envoy/latest/configuration/operations/runtime#using-runtime-overrides-for-deprecated-features for how to apply a temporary and highly discouraged override.
[2023-05-22 12:08:40.326][95976][warning][misc] [external/envoy/source/common/protobuf/message_validator_impl.cc:21] Deprecated field: type envoy.config.core.v3.ConfigSource Using deprecated option 'envoy.config.core.v3.ConfigSource.path' from file config_source.proto. This configuration will be removed from Envoy soon. Please see https://www.envoyproxy.io/docs/envoy/latest/version_history/version_history for details. If continued use of this field is absolutely necessary, see https://www.envoyproxy.io/docs/envoy/latest/configuration/operations/runtime#using-runtime-overrides-for-deprecated-features for how to apply a temporary and highly discouraged override.
[2023-05-22 12:08:40.349][95976][debug][file] [external/envoy/source/common/filesystem/inotify/watcher_impl.cc:47] added watch for directory: 'xDS' file: 'routes.json' fd: 1
[2023-05-22 12:08:40.349][95976][debug][init] [external/envoy/source/common/init/manager_impl.cc:24] added target RdsRouteConfigSubscription RDS local-init-target main_route_table to init manager RDS local-init-manager main_route_table
[2023-05-22 12:08:40.349][95976][debug][init] [external/envoy/source/common/init/manager_impl.cc:24] added shared target RdsRouteConfigSubscription RDS init main_route_table to init manager Listener-local-init-manager default-443-v4 12489752377611701431
[2023-05-22 12:08:40.392][95976][debug][config] [external/envoy/source/common/http/filter_chain_helper.h:88]     http filter #0
[2023-05-22 12:08:40.395][95976][debug][config] [external/envoy/source/common/http/filter_chain_helper.h:118]       name: envoy.filters.http.router
[2023-05-22 12:08:40.395][95976][debug][config] [external/envoy/source/common/http/filter_chain_helper.h:119]     config: {"@type":"type.googleapis.com/envoy.extensions.filters.http.router.v3.Router"}
[2023-05-22 12:08:40.396][95976][debug][misc] [pkm_provider_tss.cc:203] TssPKMPrivateKeyMethodProvider::TssPKMPrivateKeyMethodProvider
[2023-05-22 12:08:40.406][95976][debug][config] [external/envoy/source/extensions/listener_managers/listener_manager/filter_chain_manager_impl.cc:321] new fc_contexts has 1 filter chains, including 1 newly built
[2023-05-22 12:08:40.406][95976][debug][init] [external/envoy/source/common/init/target_impl.cc:15] init manager Server initializing target Listener-init-target default-443-v4
[2023-05-22 12:08:40.406][95976][debug][init] [external/envoy/source/common/init/manager_impl.cc:53] init manager Listener-local-init-manager default-443-v4 12489752377611701431 initializing
[2023-05-22 12:08:40.406][95976][debug][init] [external/envoy/source/common/init/target_impl.cc:15] init manager Listener-local-init-manager default-443-v4 12489752377611701431 initializing shared target RdsRouteConfigSubscription RDS init main_route_table
[2023-05-22 12:08:40.406][95976][debug][init] [external/envoy/source/common/init/manager_impl.cc:53] init manager RDS local-init-manager main_route_table initializing
[2023-05-22 12:08:40.406][95976][debug][init] [external/envoy/source/common/init/target_impl.cc:15] init manager RDS local-init-manager main_route_table initializing target RdsRouteConfigSubscription RDS local-init-target main_route_table
[2023-05-22 12:08:40.406][95976][debug][config] [external/envoy/source/extensions/config_subscription/filesystem/filesystem_subscription_impl.cc:78] Filesystem config refresh for xDS/routes.json
[2023-05-22 12:08:40.410][95976][debug][rds] [external/envoy/source/common/rds/rds_route_config_subscription.cc:81] rds: loading new configuration: config_name=main_route_table hash=10206711386980009667
[2023-05-22 12:08:40.410][95976][debug][init] [external/envoy/source/common/init/watcher_impl.cc:14] target RdsRouteConfigSubscription RDS local-init-target main_route_table initialized, notifying init manager RDS local-init-manager main_route_table
[2023-05-22 12:08:40.410][95976][debug][init] [external/envoy/source/common/init/watcher_impl.cc:14] init manager RDS local-init-manager main_route_table initialized, notifying RDS local-init-watcher main_route_table
[2023-05-22 12:08:40.410][95976][debug][init] [external/envoy/source/common/init/watcher_impl.cc:14] shared target RdsRouteConfigSubscription RDS init main_route_table initialized, notifying init manager Listener-local-init-manager default-443-v4 12489752377611701431
[2023-05-22 12:08:40.410][95976][debug][init] [external/envoy/source/common/init/watcher_impl.cc:14] init manager Listener-local-init-manager default-443-v4 12489752377611701431 initialized, notifying Listener-local-init-watcher default-443-v4
[2023-05-22 12:08:40.410][95976][debug][init] [external/envoy/source/common/init/watcher_impl.cc:14] target Listener-init-target default-443-v4 initialized, notifying init manager Server
[2023-05-22 12:08:40.411][95976][debug][config] [external/envoy/source/extensions/config_subscription/filesystem/filesystem_subscription_impl.cc:87] Filesystem config update accepted for xDS/routes.json: version_info: "13105b7c332db3ceb8a975e661a36f67ffd0e0f0/1.26.1/Clean/DEBUG/BoringSSL"
resources {
  [type.googleapis.com/envoy.config.route.v3.RouteConfiguration] {
    name: "main_route_table"
    virtual_hosts {
      name: "*"
      domains: "*"
      routes {
        match {
          prefix: "/apache/"
        }
        route {
          cluster: "apache-server"
          prefix_rewrite: "/"
        }
      }
    }
  }
}

[2023-05-22 12:08:40.411][95976][debug][config] [external/envoy/source/extensions/listener_managers/listener_manager/listener_impl.cc:155] Create listen socket for listener default-443-v4 on address 0.0.0.0:443
[2023-05-22 12:08:40.411][95976][debug][config] [external/envoy/source/extensions/listener_managers/listener_manager/listener_impl.cc:166] default-443-v4: Setting socket options succeeded
[2023-05-22 12:08:40.411][95976][debug][config] [external/envoy/source/extensions/listener_managers/listener_manager/listener_impl.cc:108] Set listener default-443-v4 socket factory local address to 0.0.0.0:443
[2023-05-22 12:08:40.411][95976][debug][config] [external/envoy/source/extensions/listener_managers/listener_manager/listener_impl.cc:155] Create listen socket for listener default-443-v4 on address 0.0.0.0:443
[2023-05-22 12:08:40.412][95976][debug][config] [external/envoy/source/extensions/listener_managers/listener_manager/listener_impl.cc:166] default-443-v4: Setting socket options succeeded
[2023-05-22 12:08:40.412][95976][debug][config] [external/envoy/source/extensions/listener_managers/listener_manager/listener_impl.cc:155] Create listen socket for listener default-443-v4 on address 0.0.0.0:443
[2023-05-22 12:08:40.412][95976][debug][config] [external/envoy/source/extensions/listener_managers/listener_manager/listener_impl.cc:166] default-443-v4: Setting socket options succeeded
[2023-05-22 12:08:40.412][95976][debug][config] [external/envoy/source/extensions/listener_managers/listener_manager/listener_impl.cc:155] Create listen socket for listener default-443-v4 on address 0.0.0.0:443
[2023-05-22 12:08:40.412][95976][debug][config] [external/envoy/source/extensions/listener_managers/listener_manager/listener_impl.cc:166] default-443-v4: Setting socket options succeeded
[2023-05-22 12:08:40.412][95976][debug][config] [external/envoy/source/extensions/listener_managers/listener_manager/listener_impl.cc:967] add active listener: name=default-443-v4, hash=12489752377611701431, tag=1, address=0.0.0.0:443
[2023-05-22 12:08:40.412][95976][info][upstream] [external/envoy/source/extensions/listener_managers/listener_manager/lds_api.cc:79] lds: add/update listener 'default-443-v4'
[2023-05-22 12:08:40.413][95976][debug][config] [external/envoy/source/extensions/listener_managers/listener_manager/listener_manager_impl.cc:474] begin add/update listener: name=ywen0-80-v4 hash=5182965773252565486
[2023-05-22 12:08:40.413][95976][debug][config] [external/envoy/source/extensions/listener_managers/listener_manager/listener_manager_impl.cc:511] use full listener update path for listener name=ywen0-80-v4 hash=5182965773252565486
[2023-05-22 12:08:40.414][95976][debug][config] [external/envoy/source/extensions/listener_managers/listener_manager/listener_manager_impl.cc:88]   filter #0:
[2023-05-22 12:08:40.414][95976][debug][config] [external/envoy/source/extensions/listener_managers/listener_manager/listener_manager_impl.cc:89]     name: envoy.filters.network.http_connection_manager
[2023-05-22 12:08:40.415][95976][debug][config] [external/envoy/source/extensions/listener_managers/listener_manager/listener_manager_impl.cc:90]   config: {"@type":"type.googleapis.com/envoy.extensions.filters.network.http_connection_manager.v3.HttpConnectionManager","access_log":[{"name":"envoy.access_loggers.file","typed_config":{"@type":"type.googleapis.com/envoy.extensions.access_loggers.file.v3.FileAccessLog","log_format":{"json_format":{"authority":"%REQ(:AUTHORITY)%","bytes_received":"%BYTES_RECEIVED%","bytes_sent":"%BYTES_SENT%","duration":"%DURATION%","method":"%REQ(:METHOD)%","path":"%REQ(X-ENVOY-ORIGINAL-PATH?:PATH)%","protocol":"%PROTOCOL%","request_id":"%REQ(X-REQUEST-ID)%","response_code":"%RESPONSE_CODE%","response_flags":"%RESPONSE_FLAGS%","start_time":"%START_TIME%","upstream_host":"%UPSTREAM_HOST%","upstream_service_time":"%RESP(X-ENVOY-UPSTREAM-SERVICE-TIME)%","user_agent":"%REQ(USER-AGENT)%","x_forwarded_for":"%REQ(X-FORWARDED-FOR)%"}},"path":"/home/ywen/envoy/default.access_log.jsonl"}}],"http_filters":[{"name":"envoy.filters.http.router","typed_config":{"@type":"type.googleapis.com/envoy.extensions.filters.http.router.v3.Router"}}],"rds":{"config_source":{"path":"xDS/routes.json","resource_api_version":"V3"},"route_config_name":"main_route_table"},"stat_prefix":"ingress_http","use_remote_address":true}
[2023-05-22 12:08:40.415][95976][warning][misc] [external/envoy/source/common/protobuf/message_validator_impl.cc:21] Deprecated field: type envoy.config.core.v3.ConfigSource Using deprecated option 'envoy.config.core.v3.ConfigSource.path' from file config_source.proto. This configuration will be removed from Envoy soon. Please see https://www.envoyproxy.io/docs/envoy/latest/version_history/version_history for details. If continued use of this field is absolutely necessary, see https://www.envoyproxy.io/docs/envoy/latest/configuration/operations/runtime#using-runtime-overrides-for-deprecated-features for how to apply a temporary and highly discouraged override.
[2023-05-22 12:08:40.415][95976][warning][misc] [external/envoy/source/common/protobuf/message_validator_impl.cc:21] Deprecated field: type envoy.config.core.v3.ConfigSource Using deprecated option 'envoy.config.core.v3.ConfigSource.path' from file config_source.proto. This configuration will be removed from Envoy soon. Please see https://www.envoyproxy.io/docs/envoy/latest/version_history/version_history for details. If continued use of this field is absolutely necessary, see https://www.envoyproxy.io/docs/envoy/latest/configuration/operations/runtime#using-runtime-overrides-for-deprecated-features for how to apply a temporary and highly discouraged override.
[2023-05-22 12:08:40.430][95976][debug][init] [external/envoy/source/common/init/manager_impl.cc:24] added shared target RdsRouteConfigSubscription RDS init main_route_table to init manager Listener-local-init-manager ywen0-80-v4 5182965773252565486
[2023-05-22 12:08:40.469][95976][debug][config] [external/envoy/source/common/http/filter_chain_helper.h:88]     http filter #0
[2023-05-22 12:08:40.473][95976][debug][config] [external/envoy/source/common/http/filter_chain_helper.h:118]       name: envoy.filters.http.router
[2023-05-22 12:08:40.473][95976][debug][config] [external/envoy/source/common/http/filter_chain_helper.h:119]     config: {"@type":"type.googleapis.com/envoy.extensions.filters.http.router.v3.Router"}
[2023-05-22 12:08:40.477][95976][debug][config] [external/envoy/source/extensions/listener_managers/listener_manager/filter_chain_manager_impl.cc:321] new fc_contexts has 1 filter chains, including 1 newly built
[2023-05-22 12:08:40.477][95976][debug][init] [external/envoy/source/common/init/target_impl.cc:15] init manager Server initializing target Listener-init-target ywen0-80-v4
[2023-05-22 12:08:40.477][95976][debug][init] [external/envoy/source/common/init/manager_impl.cc:53] init manager Listener-local-init-manager ywen0-80-v4 5182965773252565486 initializing
[2023-05-22 12:08:40.477][95976][debug][init] [external/envoy/source/common/init/target_impl.cc:15] init manager Listener-local-init-manager ywen0-80-v4 5182965773252565486 initializing shared target RdsRouteConfigSubscription RDS init main_route_table
[2023-05-22 12:08:40.477][95976][debug][init] [external/envoy/source/common/init/watcher_impl.cc:14] shared target RdsRouteConfigSubscription RDS init main_route_table initialized, notifying init manager Listener-local-init-manager ywen0-80-v4 5182965773252565486
[2023-05-22 12:08:40.477][95976][debug][init] [external/envoy/source/common/init/watcher_impl.cc:14] init manager Listener-local-init-manager ywen0-80-v4 5182965773252565486 initialized, notifying Listener-local-init-watcher ywen0-80-v4
[2023-05-22 12:08:40.477][95976][debug][init] [external/envoy/source/common/init/watcher_impl.cc:14] target Listener-init-target ywen0-80-v4 initialized, notifying init manager Server
[2023-05-22 12:08:40.477][95976][debug][config] [external/envoy/source/extensions/listener_managers/listener_manager/listener_impl.cc:155] Create listen socket for listener ywen0-80-v4 on address 0.0.0.0:80
[2023-05-22 12:08:40.477][95976][debug][config] [external/envoy/source/extensions/listener_managers/listener_manager/listener_impl.cc:166] ywen0-80-v4: Setting socket options succeeded
[2023-05-22 12:08:40.477][95976][debug][config] [external/envoy/source/extensions/listener_managers/listener_manager/listener_impl.cc:108] Set listener ywen0-80-v4 socket factory local address to 0.0.0.0:80
[2023-05-22 12:08:40.477][95976][debug][config] [external/envoy/source/extensions/listener_managers/listener_manager/listener_impl.cc:155] Create listen socket for listener ywen0-80-v4 on address 0.0.0.0:80
[2023-05-22 12:08:40.477][95976][debug][config] [external/envoy/source/extensions/listener_managers/listener_manager/listener_impl.cc:166] ywen0-80-v4: Setting socket options succeeded
[2023-05-22 12:08:40.477][95976][debug][config] [external/envoy/source/extensions/listener_managers/listener_manager/listener_impl.cc:155] Create listen socket for listener ywen0-80-v4 on address 0.0.0.0:80
[2023-05-22 12:08:40.477][95976][debug][config] [external/envoy/source/extensions/listener_managers/listener_manager/listener_impl.cc:166] ywen0-80-v4: Setting socket options succeeded
[2023-05-22 12:08:40.477][95976][debug][config] [external/envoy/source/extensions/listener_managers/listener_manager/listener_impl.cc:155] Create listen socket for listener ywen0-80-v4 on address 0.0.0.0:80
[2023-05-22 12:08:40.477][95976][debug][config] [external/envoy/source/extensions/listener_managers/listener_manager/listener_impl.cc:166] ywen0-80-v4: Setting socket options succeeded
[2023-05-22 12:08:40.477][95976][debug][config] [external/envoy/source/extensions/listener_managers/listener_manager/listener_impl.cc:967] add active listener: name=ywen0-80-v4, hash=5182965773252565486, tag=2, address=0.0.0.0:80
[2023-05-22 12:08:40.477][95976][info][upstream] [external/envoy/source/extensions/listener_managers/listener_manager/lds_api.cc:79] lds: add/update listener 'ywen0-80-v4'
[2023-05-22 12:08:40.477][95976][debug][init] [external/envoy/source/common/init/watcher_impl.cc:14] target LDS initialized, notifying init manager Server
[2023-05-22 12:08:40.477][95976][debug][init] [external/envoy/source/common/init/watcher_impl.cc:14] init manager Server initialized, notifying RunHelper
[2023-05-22 12:08:40.477][95976][info][config] [external/envoy/source/extensions/listener_managers/listener_manager/listener_manager_impl.cc:858] all dependencies initialized. starting workers
[2023-05-22 12:08:40.477][95976][debug][config] [external/envoy/source/extensions/listener_managers/listener_manager/listener_manager_impl.cc:895] starting worker 0
[2023-05-22 12:08:40.478][95983][debug][main] [external/envoy/source/server/worker_impl.cc:140] worker entering dispatch loop
[2023-05-22 12:08:40.478][95976][debug][config] [external/envoy/source/extensions/listener_managers/listener_manager/listener_manager_impl.cc:895] starting worker 1
[2023-05-22 12:08:40.478][95976][debug][config] [external/envoy/source/extensions/listener_managers/listener_manager/listener_manager_impl.cc:895] starting worker 2
[2023-05-22 12:08:40.478][95984][debug][main] [external/envoy/source/server/worker_impl.cc:140] worker entering dispatch loop
[2023-05-22 12:08:40.478][95976][debug][config] [external/envoy/source/extensions/listener_managers/listener_manager/listener_manager_impl.cc:895] starting worker 3
[2023-05-22 12:08:40.478][95985][debug][main] [external/envoy/source/server/worker_impl.cc:140] worker entering dispatch loop
[2023-05-22 12:08:40.478][95983][debug][upstream] [external/envoy/source/common/upstream/cluster_manager_impl.cc:1126] adding TLS cluster apache-server
[2023-05-22 12:08:40.478][95988][debug][grpc] [external/envoy/source/common/grpc/google_async_client_impl.cc:51] completionThread running
[2023-05-22 12:08:40.478][95984][debug][upstream] [external/envoy/source/common/upstream/cluster_manager_impl.cc:1126] adding TLS cluster apache-server
[2023-05-22 12:08:40.478][95989][debug][grpc] [external/envoy/source/common/grpc/google_async_client_impl.cc:51] completionThread running
[2023-05-22 12:08:40.478][95983][debug][upstream] [external/envoy/source/common/upstream/cluster_manager_impl.cc:1210] membership update for TLS cluster apache-server added 1 removed 0
[2023-05-22 12:08:40.478][95985][debug][upstream] [external/envoy/source/common/upstream/cluster_manager_impl.cc:1126] adding TLS cluster apache-server
[2023-05-22 12:08:40.478][95984][debug][upstream] [external/envoy/source/common/upstream/cluster_manager_impl.cc:1210] membership update for TLS cluster apache-server added 1 removed 0
[2023-05-22 12:08:40.478][95985][debug][upstream] [external/envoy/source/common/upstream/cluster_manager_impl.cc:1210] membership update for TLS cluster apache-server added 1 removed 0
[2023-05-22 12:08:40.478][95987][debug][main] [external/envoy/source/server/worker_impl.cc:140] worker entering dispatch loop
[2023-05-22 12:08:40.479][95990][debug][grpc] [external/envoy/source/common/grpc/google_async_client_impl.cc:51] completionThread running
[2023-05-22 12:08:40.479][95987][debug][upstream] [external/envoy/source/common/upstream/cluster_manager_impl.cc:1126] adding TLS cluster apache-server
[2023-05-22 12:08:40.479][95987][debug][upstream] [external/envoy/source/common/upstream/cluster_manager_impl.cc:1210] membership update for TLS cluster apache-server added 1 removed 0
[2023-05-22 12:08:40.480][95986][debug][grpc] [external/envoy/source/common/grpc/google_async_client_impl.cc:51] completionThread running
[2023-05-22 12:08:40.518][95976][debug][config] [external/envoy/source/extensions/config_subscription/filesystem/filesystem_subscription_impl.cc:87] Filesystem config update accepted for xDS/listeners.json: version_info: "13105b7c332db3ceb8a975e661a36f67ffd0e0f0/1.26.1/Clean/DEBUG/BoringSSL"
resources {
  [type.googleapis.com/envoy.config.listener.v3.Listener] {
    name: "default-443-v4"
    address {
      socket_address {
        address: "0.0.0.0"
        port_value: 443
      }
    }
    filter_chains {
      filters {
        name: "envoy.filters.network.http_connection_manager"
        typed_config {
          [type.googleapis.com/envoy.extensions.filters.network.http_connection_manager.v3.HttpConnectionManager] {
            stat_prefix: "ingress_http"
            rds {
              config_source {
                path: "xDS/routes.json"
                resource_api_version: V3
              }
              route_config_name: "main_route_table"
            }
            http_filters {
              name: "envoy.filters.http.router"
              typed_config {
                [type.googleapis.com/envoy.extensions.filters.http.router.v3.Router] {
                }
              }
            }
            access_log {
              name: "envoy.access_loggers.file"
              typed_config {
                [type.googleapis.com/envoy.extensions.access_loggers.file.v3.FileAccessLog] {
                  path: "/home/ywen/envoy/default.access_log.jsonl"
                  log_format {
                    json_format {
                      fields {
                        key: "authority"
                        value {
                          string_value: "%REQ(:AUTHORITY)%"
                        }
                      }
                      fields {
                        key: "bytes_received"
                        value {
                          string_value: "%BYTES_RECEIVED%"
                        }
                      }
                      fields {
                        key: "bytes_sent"
                        value {
                          string_value: "%BYTES_SENT%"
                        }
                      }
                      fields {
                        key: "duration"
                        value {
                          string_value: "%DURATION%"
                        }
                      }
                      fields {
                        key: "method"
                        value {
                          string_value: "%REQ(:METHOD)%"
                        }
                      }
                      fields {
                        key: "path"
                        value {
                          string_value: "%REQ(X-ENVOY-ORIGINAL-PATH?:PATH)%"
                        }
                      }
                      fields {
                        key: "protocol"
                        value {
                          string_value: "%PROTOCOL%"
                        }
                      }
                      fields {
                        key: "request_id"
                        value {
                          string_value: "%REQ(X-REQUEST-ID)%"
                        }
                      }
                      fields {
                        key: "response_code"
                        value {
                          string_value: "%RESPONSE_CODE%"
                        }
                      }
                      fields {
                        key: "response_flags"
                        value {
                          string_value: "%RESPONSE_FLAGS%"
                        }
                      }
                      fields {
                        key: "start_time"
                        value {
                          string_value: "%START_TIME%"
                        }
                      }
                      fields {
                        key: "upstream_host"
                        value {
                          string_value: "%UPSTREAM_HOST%"
                        }
                      }
                      fields {
                        key: "upstream_service_time"
                        value {
                          string_value: "%RESP(X-ENVOY-UPSTREAM-SERVICE-TIME)%"
                        }
                      }
                      fields {
                        key: "user_agent"
                        value {
                          string_value: "%REQ(USER-AGENT)%"
                        }
                      }
                      fields {
                        key: "x_forwarded_for"
                        value {
                          string_value: "%REQ(X-FORWARDED-FOR)%"
                        }
                      }
                    }
                  }
                }
              }
            }
            use_remote_address {
              value: true
            }
          }
        }
      }
      transport_socket {
        name: "envoy.transport_sockets.tls"
        typed_config {
          [type.googleapis.com/envoy.extensions.transport_sockets.tls.v3.DownstreamTlsContext] {
            common_tls_context {
              tls_certificates {
                certificate_chain {
                  filename: "/home/ywen/wc/yaobinwen-mvs/optiga-tpm-cheatsheet/openssl3-cli-tls/tpm-on-server/server.crt"
                }
                private_key_provider {
                  provider_name: "pkm_provider_tss"
                  typed_config {
                    [type.googleapis.com/pkm.PKMProviderConfig] {
                      idkey_file: "/home/ywen/wc/yaobinwen-mvs/optiga-tpm-cheatsheet/openssl3-cli-tls/tpm-on-server/rsakey.priv"
                      idkey_auth_type: "sha1"
                      idkey_auth: "1"
                      srk_auth_type: "sha1"
                      srk_auth: "1"
                    }
                  }
                }
              }
            }
          }
        }
      }
    }
  }
}
resources {
  [type.googleapis.com/envoy.config.listener.v3.Listener] {
    name: "ywen0-80-v4"
    address {
      socket_address {
        address: "0.0.0.0"
        port_value: 80
      }
    }
    filter_chains {
      filters {
        name: "envoy.filters.network.http_connection_manager"
        typed_config {
          [type.googleapis.com/envoy.extensions.filters.network.http_connection_manager.v3.HttpConnectionManager] {
            stat_prefix: "ingress_http"
            rds {
              config_source {
                path: "xDS/routes.json"
                resource_api_version: V3
              }
              route_config_name: "main_route_table"
            }
            http_filters {
              name: "envoy.filters.http.router"
              typed_config {
                [type.googleapis.com/envoy.extensions.filters.http.router.v3.Router] {
                }
              }
            }
            access_log {
              name: "envoy.access_loggers.file"
              typed_config {
                [type.googleapis.com/envoy.extensions.access_loggers.file.v3.FileAccessLog] {
                  path: "/home/ywen/envoy/default.access_log.jsonl"
                  log_format {
                    json_format {
                      fields {
                        key: "authority"
                        value {
                          string_value: "%REQ(:AUTHORITY)%"
                        }
                      }
                      fields {
                        key: "bytes_received"
                        value {
                          string_value: "%BYTES_RECEIVED%"
                        }
                      }
                      fields {
                        key: "bytes_sent"
                        value {
                          string_value: "%BYTES_SENT%"
                        }
                      }
                      fields {
                        key: "duration"
                        value {
                          string_value: "%DURATION%"
                        }
                      }
                      fields {
                        key: "method"
                        value {
                          string_value: "%REQ(:METHOD)%"
                        }
                      }
                      fields {
                        key: "path"
                        value {
                          string_value: "%REQ(X-ENVOY-ORIGINAL-PATH?:PATH)%"
                        }
                      }
                      fields {
                        key: "protocol"
                        value {
                          string_value: "%PROTOCOL%"
                        }
                      }
                      fields {
                        key: "request_id"
                        value {
                          string_value: "%REQ(X-REQUEST-ID)%"
                        }
                      }
                      fields {
                        key: "response_code"
                        value {
                          string_value: "%RESPONSE_CODE%"
                        }
                      }
                      fields {
                        key: "response_flags"
                        value {
                          string_value: "%RESPONSE_FLAGS%"
                        }
                      }
                      fields {
                        key: "start_time"
                        value {
                          string_value: "%START_TIME%"
                        }
                      }
                      fields {
                        key: "upstream_host"
                        value {
                          string_value: "%UPSTREAM_HOST%"
                        }
                      }
                      fields {
                        key: "upstream_service_time"
                        value {
                          string_value: "%RESP(X-ENVOY-UPSTREAM-SERVICE-TIME)%"
                        }
                      }
                      fields {
                        key: "user_agent"
                        value {
                          string_value: "%REQ(USER-AGENT)%"
                        }
                      }
                      fields {
                        key: "x_forwarded_for"
                        value {
                          string_value: "%REQ(X-FORWARDED-FOR)%"
                        }
                      }
                    }
                  }
                }
              }
            }
            use_remote_address {
              value: true
            }
          }
        }
      }
    }
  }
}

[2023-05-22 12:08:40.534][95976][info][main] [external/envoy/source/server/server.cc:923] starting main dispatch loop